<?xml version="1.0" encoding="UTF-8"?>
<testsuite name="utility.WalletTest" tests="5" skipped="0" failures="0" errors="0" timestamp="2021-03-30T11:05:47" hostname="MacBook-Air-4.local" time="0.099">
  <properties/>
  <testcase name="TestIf1DollarEqualToNRupees()" classname="utility.WalletTest" time="0.076"/>
  <testcase name="TestIfTotalAmountIszEqualToYRupees()" classname="utility.WalletTest" time="0.009"/>
  <testcase name="TestIfTotalAmountIsEqualToYRupees()" classname="utility.WalletTest" time="0.002"/>
  <testcase name="TestIf1DollarNotEqualToNRupees()" classname="utility.WalletTest" time="0.001"/>
  <testcase name="TestIfTotalAmountIsEqualToYDollars()" classname="utility.WalletTest" time="0.004"/>
  <system-out><![CDATA[]]></system-out>
  <system-err><![CDATA[]]></system-err>
</testsuite>
