<?xml version="1.0" encoding="UTF-8"?>
<testsuite name="utility.WalletTest" tests="2" skipped="0" failures="0" errors="0" timestamp="2021-03-30T09:27:09" hostname="MacBook-Air-4.local" time="0.147">
  <properties/>
  <testcase name="TestIf1DollarEqualToNRupees()" classname="utility.WalletTest" time="0.137"/>
  <testcase name="TestIf1DollarNotEqualToNRupees()" classname="utility.WalletTest" time="0.005"/>
  <system-out><![CDATA[]]></system-out>
  <system-err><![CDATA[]]></system-err>
</testsuite>
